android/app/build/intermediates/manifest_merge_blame_file/release/processReleaseMainManifest/manifest-merger-blame-release-report.txt
1<?xml version="1.0" encoding="utf-8"?>
2<manifest xmlns:android="http://schemas.android.com/apk/res/android"
3    package="com.fahaddevl.TODO"
4    android:versionCode="1"
5    android:versionName="1.0.0" >
6
7    <uses-sdk
8        android:minSdkVersion="24"
9        android:targetSdkVersion="34" />
10
11    <uses-permission android:name="android.permission.INTERNET" />
11-->src\main\AndroidManifest.xml:2:3-64
11-->src\main\AndroidManifest.xml:2:20-62
12    <uses-permission android:name="android.permission.READ_EXTERNAL_STORAGE" />
12-->src\main\AndroidManifest.xml:3:3-77
12-->src\main\AndroidManifest.xml:3:20-75
13    <uses-permission android:name="android.permission.SYSTEM_ALERT_WINDOW" />
13-->src\main\AndroidManifest.xml:4:3-75
13-->src\main\AndroidManifest.xml:4:20-73
14    <uses-permission android:name="android.permission.VIBRATE" />
14-->src\main\AndroidManifest.xml:5:3-63
14-->src\main\AndroidManifest.xml:5:20-61
15    <uses-permission android:name="android.permission.WRITE_EXTERNAL_STORAGE" />
15-->src\main\AndroidManifest.xml:6:3-78
15-->src\main\AndroidManifest.xml:6:20-76
16
17    <queries>
17-->src\main\AndroidManifest.xml:7:3-13:13
18        <intent>
18-->src\main\AndroidManifest.xml:8:5-12:14
19            <action android:name="android.intent.action.VIEW" />
19-->src\main\AndroidManifest.xml:9:7-58
19-->src\main\AndroidManifest.xml:9:15-56
20
21            <category android:name="android.intent.category.BROWSABLE" />
21-->src\main\AndroidManifest.xml:10:7-67
21-->src\main\AndroidManifest.xml:10:17-65
22
23            <data android:scheme="https" />
23-->src\main\AndroidManifest.xml:11:7-37
23-->src\main\AndroidManifest.xml:11:13-35
24        </intent>
25        <!-- Query open documents -->
26        <intent>
26-->[:expo-file-system] AndroidManifest.xml:15:9-17:18
27            <action android:name="android.intent.action.OPEN_DOCUMENT_TREE" />
27-->[:expo-file-system] AndroidManifest.xml:16:13-79
27-->[:expo-file-system] AndroidManifest.xml:16:21-76
28        </intent>
29    </queries>
30
31    <permission
31-->[androidx.core:core:1.13.1] AndroidManifest.xml:22:5-24:47
32        android:name="com.fahaddevl.TODO.DYNAMIC_RECEIVER_NOT_EXPORTED_PERMISSION"
32-->[androidx.core:core:1.13.1] AndroidManifest.xml:23:9-81
33        android:protectionLevel="signature" />
33-->[androidx.core:core:1.13.1] AndroidManifest.xml:24:9-44
34
35    <uses-permission android:name="com.fahaddevl.TODO.DYNAMIC_RECEIVER_NOT_EXPORTED_PERMISSION" />
35-->[androidx.core:core:1.13.1] AndroidManifest.xml:26:5-97
35-->[androidx.core:core:1.13.1] AndroidManifest.xml:26:22-94
36
37    <application
37-->src\main\AndroidManifest.xml:14:3-30:17
38        android:name="com.fahaddevl.TODO.MainApplication"
38-->src\main\AndroidManifest.xml:14:16-47
39        android:allowBackup="true"
39-->src\main\AndroidManifest.xml:14:162-188
40        android:appComponentFactory="androidx.core.app.CoreComponentFactory"
40-->[androidx.core:core:1.13.1] AndroidManifest.xml:28:18-86
41        android:extractNativeLibs="false"
42        android:icon="@mipmap/ic_launcher"
42-->src\main\AndroidManifest.xml:14:81-115
43        android:label="@string/app_name"
43-->src\main\AndroidManifest.xml:14:48-80
44        android:roundIcon="@mipmap/ic_launcher_round"
44-->src\main\AndroidManifest.xml:14:116-161
45        android:supportsRtl="true"
45-->src\main\AndroidManifest.xml:14:221-247
46        android:theme="@style/AppTheme" >
46-->src\main\AndroidManifest.xml:14:189-220
47        <meta-data
47-->src\main\AndroidManifest.xml:15:5-83
48            android:name="expo.modules.updates.ENABLED"
48-->src\main\AndroidManifest.xml:15:16-59
49            android:value="false" />
49-->src\main\AndroidManifest.xml:15:60-81
50        <meta-data
50-->src\main\AndroidManifest.xml:16:5-105
51            android:name="expo.modules.updates.EXPO_UPDATES_CHECK_ON_LAUNCH"
51-->src\main\AndroidManifest.xml:16:16-80
52            android:value="ALWAYS" />
52-->src\main\AndroidManifest.xml:16:81-103
53        <meta-data
53-->src\main\AndroidManifest.xml:17:5-99
54            android:name="expo.modules.updates.EXPO_UPDATES_LAUNCH_WAIT_MS"
54-->src\main\AndroidManifest.xml:17:16-79
55            android:value="0" />
55-->src\main\AndroidManifest.xml:17:80-97
56
57        <activity
57-->src\main\AndroidManifest.xml:18:5-29:16
58            android:name="com.fahaddevl.TODO.MainActivity"
58-->src\main\AndroidManifest.xml:18:15-43
59            android:configChanges="keyboard|keyboardHidden|orientation|screenSize|screenLayout|uiMode"
59-->src\main\AndroidManifest.xml:18:44-134
60            android:exported="true"
60-->src\main\AndroidManifest.xml:18:256-279
61            android:launchMode="singleTask"
61-->src\main\AndroidManifest.xml:18:135-166
62            android:screenOrientation="portrait"
62-->src\main\AndroidManifest.xml:18:280-316
63            android:theme="@style/Theme.App.SplashScreen"
63-->src\main\AndroidManifest.xml:18:210-255
64            android:windowSoftInputMode="adjustResize" >
64-->src\main\AndroidManifest.xml:18:167-209
65            <intent-filter>
65-->src\main\AndroidManifest.xml:19:7-22:23
66                <action android:name="android.intent.action.MAIN" />
66-->src\main\AndroidManifest.xml:20:9-60
66-->src\main\AndroidManifest.xml:20:17-58
67
68                <category android:name="android.intent.category.LAUNCHER" />
68-->src\main\AndroidManifest.xml:21:9-68
68-->src\main\AndroidManifest.xml:21:19-66
69            </intent-filter>
70            <intent-filter>
70-->src\main\AndroidManifest.xml:23:7-28:23
71                <action android:name="android.intent.action.VIEW" />
71-->src\main\AndroidManifest.xml:9:7-58
71-->src\main\AndroidManifest.xml:9:15-56
72
73                <category android:name="android.intent.category.DEFAULT" />
73-->src\main\AndroidManifest.xml:25:9-67
73-->src\main\AndroidManifest.xml:25:19-65
74                <category android:name="android.intent.category.BROWSABLE" />
74-->src\main\AndroidManifest.xml:10:7-67
74-->src\main\AndroidManifest.xml:10:17-65
75
76                <data android:scheme="com.fahaddevl.TODO" />
76-->src\main\AndroidManifest.xml:11:7-37
76-->src\main\AndroidManifest.xml:11:13-35
77            </intent-filter>
78        </activity>
79
80        <provider
80-->[:expo-file-system] AndroidManifest.xml:21:9-30:20
81            android:name="expo.modules.filesystem.FileSystemFileProvider"
81-->[:expo-file-system] AndroidManifest.xml:22:13-74
82            android:authorities="com.fahaddevl.TODO.FileSystemFileProvider"
82-->[:expo-file-system] AndroidManifest.xml:23:13-74
83            android:exported="false"
83-->[:expo-file-system] AndroidManifest.xml:24:13-37
84            android:grantUriPermissions="true" >
84-->[:expo-file-system] AndroidManifest.xml:25:13-47
85            <meta-data
85-->[:expo-file-system] AndroidManifest.xml:27:13-29:70
86                android:name="android.support.FILE_PROVIDER_PATHS"
86-->[:expo-file-system] AndroidManifest.xml:28:17-67
87                android:resource="@xml/file_system_provider_paths" />
87-->[:expo-file-system] AndroidManifest.xml:29:17-67
88        </provider>
89
90        <meta-data
90-->[:expo-modules-core] AndroidManifest.xml:9:9-11:89
91            android:name="org.unimodules.core.AppLoader#react-native-headless"
91-->[:expo-modules-core] AndroidManifest.xml:10:13-79
92            android:value="expo.modules.adapters.react.apploader.RNHeadlessAppLoader" />
92-->[:expo-modules-core] AndroidManifest.xml:11:13-86
93        <meta-data
93-->[:expo-modules-core] AndroidManifest.xml:12:9-15:45
94            android:name="com.facebook.soloader.enabled"
94-->[:expo-modules-core] AndroidManifest.xml:13:13-57
95            android:value="true" />
95-->[:expo-modules-core] AndroidManifest.xml:14:13-33
96
97        <provider
97-->[androidx.emoji2:emoji2:1.3.0] AndroidManifest.xml:24:9-32:20
98            android:name="androidx.startup.InitializationProvider"
98-->[androidx.emoji2:emoji2:1.3.0] AndroidManifest.xml:25:13-67
99            android:authorities="com.fahaddevl.TODO.androidx-startup"
99-->[androidx.emoji2:emoji2:1.3.0] AndroidManifest.xml:26:13-68
100            android:exported="false" >
100-->[androidx.emoji2:emoji2:1.3.0] AndroidManifest.xml:27:13-37
101            <meta-data
101-->[androidx.emoji2:emoji2:1.3.0] AndroidManifest.xml:29:13-31:52
102                android:name="androidx.emoji2.text.EmojiCompatInitializer"
102-->[androidx.emoji2:emoji2:1.3.0] AndroidManifest.xml:30:17-75
103                android:value="androidx.startup" />
103-->[androidx.emoji2:emoji2:1.3.0] AndroidManifest.xml:31:17-49
104            <meta-data
104-->[androidx.lifecycle:lifecycle-process:2.8.3] AndroidManifest.xml:29:13-31:52
105                android:name="androidx.lifecycle.ProcessLifecycleInitializer"
105-->[androidx.lifecycle:lifecycle-process:2.8.3] AndroidManifest.xml:30:17-78
106                android:value="androidx.startup" />
106-->[androidx.lifecycle:lifecycle-process:2.8.3] AndroidManifest.xml:31:17-49
107            <meta-data
107-->[androidx.profileinstaller:profileinstaller:1.3.1] AndroidManifest.xml:29:13-31:52
108                android:name="androidx.profileinstaller.ProfileInstallerInitializer"
108-->[androidx.profileinstaller:profileinstaller:1.3.1] AndroidManifest.xml:30:17-85
109                android:value="androidx.startup" />
109-->[androidx.profileinstaller:profileinstaller:1.3.1] AndroidManifest.xml:31:17-49
110        </provider>
111
112        <receiver
112-->[androidx.profileinstaller:profileinstaller:1.3.1] AndroidManifest.xml:34:9-52:20
113            android:name="androidx.profileinstaller.ProfileInstallReceiver"
113-->[androidx.profileinstaller:profileinstaller:1.3.1] AndroidManifest.xml:35:13-76
114            android:directBootAware="false"
114-->[androidx.profileinstaller:profileinstaller:1.3.1] AndroidManifest.xml:36:13-44
115            android:enabled="true"
115-->[androidx.profileinstaller:profileinstaller:1.3.1] AndroidManifest.xml:37:13-35
116            android:exported="true"
116-->[androidx.profileinstaller:profileinstaller:1.3.1] AndroidManifest.xml:38:13-36
117            android:permission="android.permission.DUMP" >
117-->[androidx.profileinstaller:profileinstaller:1.3.1] AndroidManifest.xml:39:13-57
118            <intent-filter>
118-->[androidx.profileinstaller:profileinstaller:1.3.1] AndroidManifest.xml:40:13-42:29
119                <action android:name="androidx.profileinstaller.action.INSTALL_PROFILE" />
119-->[androidx.profileinstaller:profileinstaller:1.3.1] AndroidManifest.xml:41:17-91
119-->[androidx.profileinstaller:profileinstaller:1.3.1] AndroidManifest.xml:41:25-88
120            </intent-filter>
121            <intent-filter>
121-->[androidx.profileinstaller:profileinstaller:1.3.1] AndroidManifest.xml:43:13-45:29
122                <action android:name="androidx.profileinstaller.action.SKIP_FILE" />
122-->[androidx.profileinstaller:profileinstaller:1.3.1] AndroidManifest.xml:44:17-85
122-->[androidx.profileinstaller:profileinstaller:1.3.1] AndroidManifest.xml:44:25-82
123            </intent-filter>
124            <intent-filter>
124-->[androidx.profileinstaller:profileinstaller:1.3.1] AndroidManifest.xml:46:13-48:29
125                <action android:name="androidx.profileinstaller.action.SAVE_PROFILE" />
125-->[androidx.profileinstaller:profileinstaller:1.3.1] AndroidManifest.xml:47:17-88
125-->[androidx.profileinstaller:profileinstaller:1.3.1] AndroidManifest.xml:47:25-85
126            </intent-filter>
127            <intent-filter>
127-->[androidx.profileinstaller:profileinstaller:1.3.1] AndroidManifest.xml:49:13-51:29
128                <action android:name="androidx.profileinstaller.action.BENCHMARK_OPERATION" />
128-->[androidx.profileinstaller:profileinstaller:1.3.1] AndroidManifest.xml:50:17-95
128-->[androidx.profileinstaller:profileinstaller:1.3.1] AndroidManifest.xml:50:25-92
129            </intent-filter>
130        </receiver>
131    </application>
132
133</manifest>